{"uuid": "61c3ad0f-1f07-4d41-8f1d-511bf9ee8a6f", "children": ["1ce9cd9b-731a-4b7c-bcdd-38b90847ea0f"], "befores": [{"name": "created_user", "status": "failed", "statusDetails": {"message": "AssertionError: {'error': 'SERVER_ERROR'}\n", "trace": "  File \"C:\\Users\\14bas\\PycharmProjects\\api-test-0\\.venv\\Lib\\site-packages\\pluggy\\_callers.py\", line 38, in run_old_style_hookwrapper\n    res = yield\n          ^^^^^\n  File \"C:\\Users\\14bas\\PycharmProjects\\api-test-0\\.venv\\Lib\\site-packages\\pluggy\\_callers.py\", line 139, in _multicall\n    teardown.throw(exception)\n  File \"C:\\Users\\14bas\\PycharmProjects\\api-test-0\\.venv\\Lib\\site-packages\\_pytest\\setuponly.py\", line 36, in pytest_fixture_setup\n    return (yield)\n            ^^^^^\n  File \"C:\\Users\\14bas\\PycharmProjects\\api-test-0\\.venv\\Lib\\site-packages\\pluggy\\_callers.py\", line 121, in _multicall\n    res = hook_impl.function(*args)\n          ^^^^^^^^^^^^^^^^^^^^^^^^^\n  File \"C:\\Users\\14bas\\PycharmProjects\\api-test-0\\.venv\\Lib\\site-packages\\_pytest\\fixtures.py\", line 1202, in pytest_fixture_setup\n    result = call_fixture_func(fixturefunc, request, kwargs)\n             ^^^^^^^^^^^^^^^^^^^^^^^^^^^^^^^^^^^^^^^^^^^^^^^\n  File \"C:\\Users\\14bas\\PycharmProjects\\api-test-0\\.venv\\Lib\\site-packages\\_pytest\\fixtures.py\", line 915, in call_fixture_func\n    fixture_result = fixturefunc(**kwargs)\n                     ^^^^^^^^^^^^^^^^^^^^^\n  File \"C:\\Users\\14bas\\PycharmProjects\\api-test-0\\tests\\conftest.py\", line 102, in created_user\n    return user_factory()\n           ^^^^^^^^^^^^^^\n  File \"C:\\Users\\14bas\\PycharmProjects\\api-test-0\\tests\\conftest.py\", line 87, in create\n    user_id, user = users_api.create_user()\n                    ^^^^^^^^^^^^^^^^^^^^^^^\n  File \"C:\\Users\\14bas\\PycharmProjects\\api-test-0\\.venv\\Lib\\site-packages\\allure_commons\\_allure.py\", line 202, in impl\n    return func(*a, **kw)\n           ^^^^^^^^^^^^^^\n  File \"C:\\Users\\14bas\\PycharmProjects\\api-test-0\\services\\users\\api_users.py\", line 69, in create_user\n    assert response.status_code in (200, 201), response_json\n           ^^^^^^^^^^^^^^^^^^^^^^^^^^^^^^^^^^\n"}, "steps": [{"name": "Create user", "status": "failed", "statusDetails": {"message": "AssertionError: {'error': 'SERVER_ERROR'}\n", "trace": "  File \"C:\\Users\\14bas\\PycharmProjects\\api-test-0\\.venv\\Lib\\site-packages\\allure_commons\\_allure.py\", line 202, in impl\n    return func(*a, **kw)\n           ^^^^^^^^^^^^^^\n  File \"C:\\Users\\14bas\\PycharmProjects\\api-test-0\\services\\users\\api_users.py\", line 69, in create_user\n    assert response.status_code in (200, 201), response_json\n           ^^^^^^^^^^^^^^^^^^^^^^^^^^^^^^^^^^\n"}, "steps": [{"name": "POST /user/create (raw)", "status": "passed", "attachments": [{"name": "API Response", "source": "437afc4f-57bd-482a-8976-854e11782a71-attachment.json", "type": "application/json"}], "parameters": [{"name": "payload", "value": "None"}], "start": 1769709880792, "stop": 1769709881239}], "start": 1769709880792, "stop": 1769709881239}], "start": 1769709880792, "stop": 1769709881239}], "start": 1769709880792, "stop": 1769709881260}