{"name": "POST /comment/create missing owner -> 400 BODY_NOT_VALID", "status": "failed", "statusDetails": {"message": "AssertionError: {'error': 'SERVER_ERROR'}", "trace": "user_factory = <function user_factory.<locals>.create at 0x00000163D1352160>\n\n    @pytest.fixture\n    def created_user(user_factory):\n        \"\"\"Один пользователь на тест + авто-удаление после теста.\"\"\"\n>       return user_factory()\n               ^^^^^^^^^^^^^^\n\ntests\\conftest.py:102: \n_ _ _ _ _ _ _ _ _ _ _ _ _ _ _ _ _ _ _ _ _ _ _ _ _ _ _ _ _ _ _ _ _ _ _ _ _ _ _ _ _ _ _ _ _ _ _ _ _ _ _ _ _ _ _ _ _ _ _ _ _ _ _ _ _ _ _ _ _ _ _ _ _ _ _ _ _ _ _ _ _ _ _ _ _ _ _ _ _ _ _ _ _ \ntests\\conftest.py:87: in create\n    user_id, user = users_api.create_user()\n                    ^^^^^^^^^^^^^^^^^^^^^^^\n_ _ _ _ _ _ _ _ _ _ _ _ _ _ _ _ _ _ _ _ _ _ _ _ _ _ _ _ _ _ _ _ _ _ _ _ _ _ _ _ _ _ _ _ _ _ _ _ _ _ _ _ _ _ _ _ _ _ _ _ _ _ _ _ _ _ _ _ _ _ _ _ _ _ _ _ _ _ _ _ _ _ _ _ _ _ _ _ _ _ _ _ _ \n\nself = <services.users.api_users.UsersAPI object at 0x00000163D0EC4BF0>\n\n    @allure.step(\"Create user\")\n    def create_user(self):\n        response = self.create_user_response()\n        response_json = response.json()\n    \n>       assert response.status_code in (200, 201), response_json\n               ^^^^^^^^^^^^^^^^^^^^^^^^^^^^^^^^^^\nE       AssertionError: {'error': 'SERVER_ERROR'}\n\nservices\\users\\api_users.py:69: AssertionError"}, "start": 1769709880792, "stop": 1769709880792, "uuid": "1ce9cd9b-731a-4b7c-bcdd-38b90847ea0f", "historyId": "9c28b1f6faae3d0b44a6f76ec03f7c60", "testCaseId": "9c28b1f6faae3d0b44a6f76ec03f7c60", "fullName": "tests.comments.test_comments_negative.TestCommentsNegative#test_create_comment_missing_owner", "labels": [{"name": "feature", "value": "Comments"}, {"name": "epic", "value": "Administration"}, {"name": "tag", "value": "regression"}, {"name": "tag", "value": "negative"}, {"name": "parentSuite", "value": "tests.comments"}, {"name": "suite", "value": "test_comments_negative"}, {"name": "subSuite", "value": "TestCommentsNegative"}, {"name": "host", "value": "keni"}, {"name": "thread", "value": "18868-MainThread"}, {"name": "framework", "value": "pytest"}, {"name": "language", "value": "cpython3"}, {"name": "package", "value": "tests.comments.test_comments_negative"}], "titlePath": ["tests", "comments", "test_comments_negative.py", "TestCommentsNegative"]}