{"name": "Delete comment by id", "status": "broken", "statusDetails": {"message": "ExceptionGroup: errors while tearing down <Function test_delete_comment> (3 sub-exceptions)", "trace": "+ Exception Group Traceback (most recent call last):\n  |   File \"C:\\Users\\14bas\\PycharmProjects\\api-test-0\\.venv\\Lib\\site-packages\\_pytest\\runner.py\", line 353, in from_call\n  |     result: TResult | None = func()\n  |                              ^^^^^^\n  |   File \"C:\\Users\\14bas\\PycharmProjects\\api-test-0\\.venv\\Lib\\site-packages\\_pytest\\runner.py\", line 245, in <lambda>\n  |     lambda: runtest_hook(item=item, **kwds),\n  |             ^^^^^^^^^^^^^^^^^^^^^^^^^^^^^^^\n  |   File \"C:\\Users\\14bas\\PycharmProjects\\api-test-0\\.venv\\Lib\\site-packages\\pluggy\\_hooks.py\", line 512, in __call__\n  |     return self._hookexec(self.name, self._hookimpls.copy(), kwargs, firstresult)\n  |            ^^^^^^^^^^^^^^^^^^^^^^^^^^^^^^^^^^^^^^^^^^^^^^^^^^^^^^^^^^^^^^^^^^^^^^\n  |   File \"C:\\Users\\14bas\\PycharmProjects\\api-test-0\\.venv\\Lib\\site-packages\\pluggy\\_manager.py\", line 120, in _hookexec\n  |     return self._inner_hookexec(hook_name, methods, kwargs, firstresult)\n  |            ^^^^^^^^^^^^^^^^^^^^^^^^^^^^^^^^^^^^^^^^^^^^^^^^^^^^^^^^^^^^^\n  |   File \"C:\\Users\\14bas\\PycharmProjects\\api-test-0\\.venv\\Lib\\site-packages\\pluggy\\_callers.py\", line 167, in _multicall\n  |     raise exception\n  |   File \"C:\\Users\\14bas\\PycharmProjects\\api-test-0\\.venv\\Lib\\site-packages\\pluggy\\_callers.py\", line 139, in _multicall\n  |     teardown.throw(exception)\n  |   File \"C:\\Users\\14bas\\PycharmProjects\\api-test-0\\.venv\\Lib\\site-packages\\_pytest\\logging.py\", line 858, in pytest_runtest_teardown\n  |     yield\n  |   File \"C:\\Users\\14bas\\PycharmProjects\\api-test-0\\.venv\\Lib\\site-packages\\pluggy\\_callers.py\", line 139, in _multicall\n  |     teardown.throw(exception)\n  |   File \"C:\\Users\\14bas\\PycharmProjects\\api-test-0\\.venv\\Lib\\site-packages\\pluggy\\_callers.py\", line 53, in run_old_style_hookwrapper\n  |     return result.get_result()\n  |            ^^^^^^^^^^^^^^^^^^^\n  |   File \"C:\\Users\\14bas\\PycharmProjects\\api-test-0\\.venv\\Lib\\site-packages\\pluggy\\_result.py\", line 103, in get_result\n  |     raise exc.with_traceback(tb)\n  |   File \"C:\\Users\\14bas\\PycharmProjects\\api-test-0\\.venv\\Lib\\site-packages\\pluggy\\_callers.py\", line 38, in run_old_style_hookwrapper\n  |     res = yield\n  |           ^^^^^\n  |   File \"C:\\Users\\14bas\\PycharmProjects\\api-test-0\\.venv\\Lib\\site-packages\\pluggy\\_callers.py\", line 139, in _multicall\n  |     teardown.throw(exception)\n  |   File \"C:\\Users\\14bas\\PycharmProjects\\api-test-0\\.venv\\Lib\\site-packages\\_pytest\\capture.py\", line 905, in pytest_runtest_teardown\n  |     return (yield)\n  |             ^^^^^\n  |   File \"C:\\Users\\14bas\\PycharmProjects\\api-test-0\\.venv\\Lib\\site-packages\\pluggy\\_callers.py\", line 121, in _multicall\n  |     res = hook_impl.function(*args)\n  |           ^^^^^^^^^^^^^^^^^^^^^^^^^\n  |   File \"C:\\Users\\14bas\\PycharmProjects\\api-test-0\\.venv\\Lib\\site-packages\\_pytest\\runner.py\", line 194, in pytest_runtest_teardown\n  |     item.session._setupstate.teardown_exact(nextitem)\n  |   File \"C:\\Users\\14bas\\PycharmProjects\\api-test-0\\.venv\\Lib\\site-packages\\_pytest\\runner.py\", line 566, in teardown_exact\n  |     raise exceptions[0]\n  | ExceptionGroup: errors while tearing down <Function test_delete_comment> (3 sub-exceptions)\n  +-+---------------- 1 ----------------\n    | Traceback (most recent call last):\n    |   File \"C:\\Users\\14bas\\PycharmProjects\\api-test-0\\.venv\\Lib\\site-packages\\_pytest\\runner.py\", line 555, in teardown_exact\n    |     fin()\n    |   File \"C:\\Users\\14bas\\PycharmProjects\\api-test-0\\.venv\\Lib\\site-packages\\_pytest\\fixtures.py\", line 1053, in finish\n    |     raise exceptions[0]\n    |   File \"C:\\Users\\14bas\\PycharmProjects\\api-test-0\\.venv\\Lib\\site-packages\\_pytest\\fixtures.py\", line 1042, in finish\n    |     fin()\n    |   File \"C:\\Users\\14bas\\PycharmProjects\\api-test-0\\.venv\\Lib\\site-packages\\allure_commons\\_allure.py\", line 231, in __call__\n    |     return self._fixture_function(*args, **kwargs)\n    |            ^^^^^^^^^^^^^^^^^^^^^^^^^^^^^^^^^^^^^^^\n    |   File \"C:\\Users\\14bas\\PycharmProjects\\api-test-0\\.venv\\Lib\\site-packages\\_pytest\\fixtures.py\", line 924, in _teardown_yield_fixture\n    |     next(it)\n    |   File \"C:\\Users\\14bas\\PycharmProjects\\api-test-0\\tests\\conftest.py\", line 96, in user_factory\n    |     users_api.delete_user(user_id, allow_not_found=True)\n    |   File \"C:\\Users\\14bas\\PycharmProjects\\api-test-0\\.venv\\Lib\\site-packages\\allure_commons\\_allure.py\", line 202, in impl\n    |     return func(*a, **kw)\n    |            ^^^^^^^^^^^^^^\n    |   File \"C:\\Users\\14bas\\PycharmProjects\\api-test-0\\services\\users\\api_users.py\", line 105, in delete_user\n    |     assert response.status_code in (200, 204), body\n    |            ^^^^^^^^^^^^^^^^^^^^^^^^^^^^^^^^^^\n    | AssertionError: {'error': 'SERVER_ERROR'}\n    +---------------- 2 ----------------\n    | Traceback (most recent call last):\n    |   File \"C:\\Users\\14bas\\PycharmProjects\\api-test-0\\.venv\\Lib\\site-packages\\_pytest\\runner.py\", line 555, in teardown_exact\n    |     fin()\n    |   File \"C:\\Users\\14bas\\PycharmProjects\\api-test-0\\.venv\\Lib\\site-packages\\_pytest\\fixtures.py\", line 1053, in finish\n    |     raise exceptions[0]\n    |   File \"C:\\Users\\14bas\\PycharmProjects\\api-test-0\\.venv\\Lib\\site-packages\\_pytest\\fixtures.py\", line 1042, in finish\n    |     fin()\n    |   File \"C:\\Users\\14bas\\PycharmProjects\\api-test-0\\.venv\\Lib\\site-packages\\allure_commons\\_allure.py\", line 231, in __call__\n    |     return self._fixture_function(*args, **kwargs)\n    |            ^^^^^^^^^^^^^^^^^^^^^^^^^^^^^^^^^^^^^^^\n    |   File \"C:\\Users\\14bas\\PycharmProjects\\api-test-0\\.venv\\Lib\\site-packages\\_pytest\\fixtures.py\", line 924, in _teardown_yield_fixture\n    |     next(it)\n    |   File \"C:\\Users\\14bas\\PycharmProjects\\api-test-0\\tests\\conftest.py\", line 139, in post_factory\n    |     posts_api.delete_post(post_id, allow_not_found=True)\n    |   File \"C:\\Users\\14bas\\PycharmProjects\\api-test-0\\.venv\\Lib\\site-packages\\allure_commons\\_allure.py\", line 202, in impl\n    |     return func(*a, **kw)\n    |            ^^^^^^^^^^^^^^\n    |   File \"C:\\Users\\14bas\\PycharmProjects\\api-test-0\\services\\posts\\api_posts.py\", line 94, in delete_post\n    |     assert resp.status_code in (200, 204), resp.text\n    |            ^^^^^^^^^^^^^^^^^^^^^^^^^^^^^^\n    | AssertionError: {\"error\":\"SERVER_ERROR\"}\n    +---------------- 3 ----------------\n    | Traceback (most recent call last):\n    |   File \"C:\\Users\\14bas\\PycharmProjects\\api-test-0\\.venv\\Lib\\site-packages\\_pytest\\runner.py\", line 555, in teardown_exact\n    |     fin()\n    |   File \"C:\\Users\\14bas\\PycharmProjects\\api-test-0\\.venv\\Lib\\site-packages\\_pytest\\fixtures.py\", line 1053, in finish\n    |     raise exceptions[0]\n    |   File \"C:\\Users\\14bas\\PycharmProjects\\api-test-0\\.venv\\Lib\\site-packages\\_pytest\\fixtures.py\", line 1042, in finish\n    |     fin()\n    |   File \"C:\\Users\\14bas\\PycharmProjects\\api-test-0\\.venv\\Lib\\site-packages\\allure_commons\\_allure.py\", line 231, in __call__\n    |     return self._fixture_function(*args, **kwargs)\n    |            ^^^^^^^^^^^^^^^^^^^^^^^^^^^^^^^^^^^^^^^\n    |   File \"C:\\Users\\14bas\\PycharmProjects\\api-test-0\\.venv\\Lib\\site-packages\\_pytest\\fixtures.py\", line 924, in _teardown_yield_fixture\n    |     next(it)\n    |   File \"C:\\Users\\14bas\\PycharmProjects\\api-test-0\\tests\\conftest.py\", line 185, in comment_factory\n    |     comments_api.delete_comment(cid, allow_not_found=True)\n    |   File \"C:\\Users\\14bas\\PycharmProjects\\api-test-0\\.venv\\Lib\\site-packages\\allure_commons\\_allure.py\", line 202, in impl\n    |     return func(*a, **kw)\n    |            ^^^^^^^^^^^^^^\n    |   File \"C:\\Users\\14bas\\PycharmProjects\\api-test-0\\services\\comments\\api_comments.py\", line 66, in delete_comment\n    |     assert resp.status_code in (200, 204), resp.text\n    |            ^^^^^^^^^^^^^^^^^^^^^^^^^^^^^^\n    | AssertionError: {\"error\":\"SERVER_ERROR\"}\n    +------------------------------------"}, "steps": [{"name": "Create post (owner='697ba13e8c5205ae18fd2015')", "status": "passed", "steps": [{"name": "POST /post/create (raw)", "status": "passed", "attachments": [{"name": "API Response", "source": "f8ffc3ea-5256-46e7-86d0-b68f0d3ffce1-attachment.json", "type": "application/json"}], "parameters": [{"name": "payload", "value": "{'text': 'Auto post b89f3b0c', 'image': 'https://images.unsplash.com/photo-1542291026-7eec264c27ff', 'likes': 0, 'tags': ['qa', 'pytest'], 'owner': '697ba13e8c5205ae18fd2015'}"}], "start": 1769709912932, "stop": 1769709913184}], "parameters": [{"name": "owner_id", "value": "'697ba13e8c5205ae18fd2015'"}, {"name": "payload", "value": "None"}], "start": 1769709912932, "stop": 1769709913184}, {"name": "Create comment (owner='697ba13e8c5205ae18fd2015', post='697ba13e45cde7a957b2d03a')", "status": "passed", "steps": [{"name": "POST /comment/create (raw)", "status": "passed", "attachments": [{"name": "API Response", "source": "544775de-16bd-47d4-8e27-ab832cea92a5-attachment.json", "type": "application/json"}], "parameters": [{"name": "payload", "value": "{'message': 'Auto comment f83fd180', 'owner': '697ba13e8c5205ae18fd2015', 'post': '697ba13e45cde7a957b2d03a'}"}], "start": 1769709913184, "stop": 1769709913608}], "parameters": [{"name": "owner_id", "value": "'697ba13e8c5205ae18fd2015'"}, {"name": "post_id", "value": "'697ba13e45cde7a957b2d03a'"}, {"name": "payload", "value": "None"}], "start": 1769709913184, "stop": 1769709913608}, {"name": "Delete comment by id: '697ba13e370e682be7d5b810'", "status": "passed", "steps": [{"name": "DELETE /comment/'697ba13e370e682be7d5b810' (raw)", "status": "passed", "attachments": [{"name": "API Response", "source": "02839446-5911-4ecb-9da2-114cb44aae5e-attachment.json", "type": "application/json"}], "parameters": [{"name": "comment_id", "value": "'697ba13e370e682be7d5b810'"}], "start": 1769709913608, "stop": 1769709914288}], "parameters": [{"name": "comment_id", "value": "'697ba13e370e682be7d5b810'"}, {"name": "allow_not_found", "value": "False"}], "start": 1769709913608, "stop": 1769709914288}, {"name": "DELETE /comment/'697ba13e370e682be7d5b810' (raw)", "status": "passed", "attachments": [{"name": "API Response", "source": "8aa91999-96b3-4774-ad9d-d4ac896852ef-attachment.json", "type": "application/json"}], "parameters": [{"name": "comment_id", "value": "'697ba13e370e682be7d5b810'"}], "start": 1769709914288, "stop": 1769709914525}], "start": 1769709912932, "stop": 1769709914525, "uuid": "09a298b8-e6bb-4042-ac3f-b6e6f76c5332", "historyId": "027f4afb473cb4d497cc1eb8cebb510f", "testCaseId": "027f4afb473cb4d497cc1eb8cebb510f", "fullName": "tests.comments.test_comments_regression.TestComments#test_delete_comment", "labels": [{"name": "feature", "value": "Comments"}, {"name": "epic", "value": "Administration"}, {"name": "tag", "value": "regression"}, {"name": "parentSuite", "value": "tests.comments"}, {"name": "suite", "value": "test_comments_regression"}, {"name": "subSuite", "value": "TestComments"}, {"name": "host", "value": "keni"}, {"name": "thread", "value": "18868-MainThread"}, {"name": "framework", "value": "pytest"}, {"name": "language", "value": "cpython3"}, {"name": "package", "value": "tests.comments.test_comments_regression"}], "titlePath": ["tests", "comments", "test_comments_regression.py", "TestComments"]}