{"name": "GET /user/{user_id}/post -> List posts by user contains created posts", "status": "broken", "statusDetails": {"message": "ExceptionGroup: errors while tearing down <Function test_list_posts_by_user_contains_created> (2 sub-exceptions)", "trace": "+ Exception Group Traceback (most recent call last):\n  |   File \"C:\\Users\\14bas\\PycharmProjects\\api-test-0\\.venv\\Lib\\site-packages\\_pytest\\runner.py\", line 353, in from_call\n  |     result: TResult | None = func()\n  |                              ^^^^^^\n  |   File \"C:\\Users\\14bas\\PycharmProjects\\api-test-0\\.venv\\Lib\\site-packages\\_pytest\\runner.py\", line 245, in <lambda>\n  |     lambda: runtest_hook(item=item, **kwds),\n  |             ^^^^^^^^^^^^^^^^^^^^^^^^^^^^^^^\n  |   File \"C:\\Users\\14bas\\PycharmProjects\\api-test-0\\.venv\\Lib\\site-packages\\pluggy\\_hooks.py\", line 512, in __call__\n  |     return self._hookexec(self.name, self._hookimpls.copy(), kwargs, firstresult)\n  |            ^^^^^^^^^^^^^^^^^^^^^^^^^^^^^^^^^^^^^^^^^^^^^^^^^^^^^^^^^^^^^^^^^^^^^^\n  |   File \"C:\\Users\\14bas\\PycharmProjects\\api-test-0\\.venv\\Lib\\site-packages\\pluggy\\_manager.py\", line 120, in _hookexec\n  |     return self._inner_hookexec(hook_name, methods, kwargs, firstresult)\n  |            ^^^^^^^^^^^^^^^^^^^^^^^^^^^^^^^^^^^^^^^^^^^^^^^^^^^^^^^^^^^^^\n  |   File \"C:\\Users\\14bas\\PycharmProjects\\api-test-0\\.venv\\Lib\\site-packages\\pluggy\\_callers.py\", line 167, in _multicall\n  |     raise exception\n  |   File \"C:\\Users\\14bas\\PycharmProjects\\api-test-0\\.venv\\Lib\\site-packages\\pluggy\\_callers.py\", line 139, in _multicall\n  |     teardown.throw(exception)\n  |   File \"C:\\Users\\14bas\\PycharmProjects\\api-test-0\\.venv\\Lib\\site-packages\\_pytest\\logging.py\", line 858, in pytest_runtest_teardown\n  |     yield\n  |   File \"C:\\Users\\14bas\\PycharmProjects\\api-test-0\\.venv\\Lib\\site-packages\\pluggy\\_callers.py\", line 139, in _multicall\n  |     teardown.throw(exception)\n  |   File \"C:\\Users\\14bas\\PycharmProjects\\api-test-0\\.venv\\Lib\\site-packages\\pluggy\\_callers.py\", line 53, in run_old_style_hookwrapper\n  |     return result.get_result()\n  |            ^^^^^^^^^^^^^^^^^^^\n  |   File \"C:\\Users\\14bas\\PycharmProjects\\api-test-0\\.venv\\Lib\\site-packages\\pluggy\\_result.py\", line 103, in get_result\n  |     raise exc.with_traceback(tb)\n  |   File \"C:\\Users\\14bas\\PycharmProjects\\api-test-0\\.venv\\Lib\\site-packages\\pluggy\\_callers.py\", line 38, in run_old_style_hookwrapper\n  |     res = yield\n  |           ^^^^^\n  |   File \"C:\\Users\\14bas\\PycharmProjects\\api-test-0\\.venv\\Lib\\site-packages\\pluggy\\_callers.py\", line 139, in _multicall\n  |     teardown.throw(exception)\n  |   File \"C:\\Users\\14bas\\PycharmProjects\\api-test-0\\.venv\\Lib\\site-packages\\_pytest\\capture.py\", line 905, in pytest_runtest_teardown\n  |     return (yield)\n  |             ^^^^^\n  |   File \"C:\\Users\\14bas\\PycharmProjects\\api-test-0\\.venv\\Lib\\site-packages\\pluggy\\_callers.py\", line 121, in _multicall\n  |     res = hook_impl.function(*args)\n  |           ^^^^^^^^^^^^^^^^^^^^^^^^^\n  |   File \"C:\\Users\\14bas\\PycharmProjects\\api-test-0\\.venv\\Lib\\site-packages\\_pytest\\runner.py\", line 194, in pytest_runtest_teardown\n  |     item.session._setupstate.teardown_exact(nextitem)\n  |   File \"C:\\Users\\14bas\\PycharmProjects\\api-test-0\\.venv\\Lib\\site-packages\\_pytest\\runner.py\", line 566, in teardown_exact\n  |     raise exceptions[0]\n  | ExceptionGroup: errors while tearing down <Function test_list_posts_by_user_contains_created> (2 sub-exceptions)\n  +-+---------------- 1 ----------------\n    | Traceback (most recent call last):\n    |   File \"C:\\Users\\14bas\\PycharmProjects\\api-test-0\\.venv\\Lib\\site-packages\\_pytest\\runner.py\", line 555, in teardown_exact\n    |     fin()\n    |   File \"C:\\Users\\14bas\\PycharmProjects\\api-test-0\\.venv\\Lib\\site-packages\\_pytest\\fixtures.py\", line 1053, in finish\n    |     raise exceptions[0]\n    |   File \"C:\\Users\\14bas\\PycharmProjects\\api-test-0\\.venv\\Lib\\site-packages\\_pytest\\fixtures.py\", line 1042, in finish\n    |     fin()\n    |   File \"C:\\Users\\14bas\\PycharmProjects\\api-test-0\\.venv\\Lib\\site-packages\\allure_commons\\_allure.py\", line 231, in __call__\n    |     return self._fixture_function(*args, **kwargs)\n    |            ^^^^^^^^^^^^^^^^^^^^^^^^^^^^^^^^^^^^^^^\n    |   File \"C:\\Users\\14bas\\PycharmProjects\\api-test-0\\.venv\\Lib\\site-packages\\_pytest\\fixtures.py\", line 924, in _teardown_yield_fixture\n    |     next(it)\n    |   File \"C:\\Users\\14bas\\PycharmProjects\\api-test-0\\tests\\conftest.py\", line 96, in user_factory\n    |     users_api.delete_user(user_id, allow_not_found=True)\n    |   File \"C:\\Users\\14bas\\PycharmProjects\\api-test-0\\.venv\\Lib\\site-packages\\allure_commons\\_allure.py\", line 202, in impl\n    |     return func(*a, **kw)\n    |            ^^^^^^^^^^^^^^\n    |   File \"C:\\Users\\14bas\\PycharmProjects\\api-test-0\\services\\users\\api_users.py\", line 105, in delete_user\n    |     assert response.status_code in (200, 204), body\n    |            ^^^^^^^^^^^^^^^^^^^^^^^^^^^^^^^^^^\n    | AssertionError: {'error': 'SERVER_ERROR'}\n    +---------------- 2 ----------------\n    | Traceback (most recent call last):\n    |   File \"C:\\Users\\14bas\\PycharmProjects\\api-test-0\\.venv\\Lib\\site-packages\\_pytest\\runner.py\", line 555, in teardown_exact\n    |     fin()\n    |   File \"C:\\Users\\14bas\\PycharmProjects\\api-test-0\\.venv\\Lib\\site-packages\\_pytest\\fixtures.py\", line 1053, in finish\n    |     raise exceptions[0]\n    |   File \"C:\\Users\\14bas\\PycharmProjects\\api-test-0\\.venv\\Lib\\site-packages\\_pytest\\fixtures.py\", line 1042, in finish\n    |     fin()\n    |   File \"C:\\Users\\14bas\\PycharmProjects\\api-test-0\\.venv\\Lib\\site-packages\\allure_commons\\_allure.py\", line 231, in __call__\n    |     return self._fixture_function(*args, **kwargs)\n    |            ^^^^^^^^^^^^^^^^^^^^^^^^^^^^^^^^^^^^^^^\n    |   File \"C:\\Users\\14bas\\PycharmProjects\\api-test-0\\.venv\\Lib\\site-packages\\_pytest\\fixtures.py\", line 924, in _teardown_yield_fixture\n    |     next(it)\n    |   File \"C:\\Users\\14bas\\PycharmProjects\\api-test-0\\tests\\conftest.py\", line 139, in post_factory\n    |     posts_api.delete_post(post_id, allow_not_found=True)\n    |   File \"C:\\Users\\14bas\\PycharmProjects\\api-test-0\\.venv\\Lib\\site-packages\\allure_commons\\_allure.py\", line 202, in impl\n    |     return func(*a, **kw)\n    |            ^^^^^^^^^^^^^^\n    |   File \"C:\\Users\\14bas\\PycharmProjects\\api-test-0\\services\\posts\\api_posts.py\", line 94, in delete_post\n    |     assert resp.status_code in (200, 204), resp.text\n    |            ^^^^^^^^^^^^^^^^^^^^^^^^^^^^^^\n    | AssertionError: {\"error\":\"SERVER_ERROR\"}\n    +------------------------------------"}, "steps": [{"name": "Create post (owner='697ba1497cd86836f997ca38')", "status": "passed", "steps": [{"name": "POST /post/create (raw)", "status": "passed", "attachments": [{"name": "API Response", "source": "75161532-3656-4f8c-b4aa-0289bf0dbef0-attachment.json", "type": "application/json"}], "parameters": [{"name": "payload", "value": "{'text': 'Auto post 61bb6d12', 'image': 'https://images.unsplash.com/photo-1542291026-7eec264c27ff', 'likes': 0, 'tags': ['qa', 'pytest'], 'owner': '697ba1497cd86836f997ca38'}"}], "start": 1769709923947, "stop": 1769709924307}], "parameters": [{"name": "owner_id", "value": "'697ba1497cd86836f997ca38'"}, {"name": "payload", "value": "None"}], "start": 1769709923947, "stop": 1769709924307}, {"name": "Create post (owner='697ba1497cd86836f997ca38')", "status": "passed", "steps": [{"name": "POST /post/create (raw)", "status": "passed", "attachments": [{"name": "API Response", "source": "20301149-f808-4d42-bb71-77cee1b29613-attachment.json", "type": "application/json"}], "parameters": [{"name": "payload", "value": "{'text': 'Auto post 71d98483', 'image': 'https://images.unsplash.com/photo-1542291026-7eec264c27ff', 'likes': 0, 'tags': ['qa', 'pytest'], 'owner': '697ba1497cd86836f997ca38'}"}], "start": 1769709924307, "stop": 1769709924542}], "parameters": [{"name": "owner_id", "value": "'697ba1497cd86836f997ca38'"}, {"name": "payload", "value": "None"}], "start": 1769709924307, "stop": 1769709924542}, {"name": "List posts by user: '697ba1497cd86836f997ca38'", "status": "passed", "steps": [{"name": "GET /user/'697ba1497cd86836f997ca38'/post (raw)", "status": "passed", "attachments": [{"name": "API Response", "source": "8ed298d4-391e-4122-a24d-2d4facb3cff0-attachment.json", "type": "application/json"}], "parameters": [{"name": "user_id", "value": "'697ba1497cd86836f997ca38'"}, {"name": "limit", "value": "50"}, {"name": "page", "value": "0"}], "start": 1769709924542, "stop": 1769709924936}], "parameters": [{"name": "user_id", "value": "'697ba1497cd86836f997ca38'"}, {"name": "limit", "value": "50"}, {"name": "page", "value": "0"}], "start": 1769709924542, "stop": 1769709924936}], "start": 1769709923947, "stop": 1769709924936, "uuid": "12a765d4-6b69-420c-bb53-797719dec77b", "historyId": "e8aac0e7714558c7a7a737e91df24363", "testCaseId": "e8aac0e7714558c7a7a737e91df24363", "fullName": "tests.posts.test_post_crud.TestPostsCRUD#test_list_posts_by_user_contains_created", "labels": [{"name": "feature", "value": "Posts"}, {"name": "epic", "value": "Administration"}, {"name": "tag", "value": "smoke"}, {"name": "parentSuite", "value": "tests.posts"}, {"name": "suite", "value": "test_post_crud"}, {"name": "subSuite", "value": "TestPostsCRUD"}, {"name": "host", "value": "keni"}, {"name": "thread", "value": "18868-MainThread"}, {"name": "framework", "value": "pytest"}, {"name": "language", "value": "cpython3"}, {"name": "package", "value": "tests.posts.test_post_crud"}], "titlePath": ["tests", "posts", "test_post_crud.py", "TestPostsCRUD"]}