{"uuid": "e84805cd-7d56-405c-87e1-2a3df96c446e", "children": ["711bf69b-b648-4bbf-a5f5-ac638035e2cf"], "befores": [{"name": "created_user", "status": "failed", "statusDetails": {"message": "AssertionError: {'error': 'SERVER_ERROR'}\n", "trace": "  File \"C:\\Users\\14bas\\PycharmProjects\\api-test-0\\.venv\\Lib\\site-packages\\pluggy\\_callers.py\", line 38, in run_old_style_hookwrapper\n    res = yield\n          ^^^^^\n  File \"C:\\Users\\14bas\\PycharmProjects\\api-test-0\\.venv\\Lib\\site-packages\\pluggy\\_callers.py\", line 139, in _multicall\n    teardown.throw(exception)\n  File \"C:\\Users\\14bas\\PycharmProjects\\api-test-0\\.venv\\Lib\\site-packages\\_pytest\\setuponly.py\", line 36, in pytest_fixture_setup\n    return (yield)\n            ^^^^^\n  File \"C:\\Users\\14bas\\PycharmProjects\\api-test-0\\.venv\\Lib\\site-packages\\pluggy\\_callers.py\", line 121, in _multicall\n    res = hook_impl.function(*args)\n          ^^^^^^^^^^^^^^^^^^^^^^^^^\n  File \"C:\\Users\\14bas\\PycharmProjects\\api-test-0\\.venv\\Lib\\site-packages\\_pytest\\fixtures.py\", line 1202, in pytest_fixture_setup\n    result = call_fixture_func(fixturefunc, request, kwargs)\n             ^^^^^^^^^^^^^^^^^^^^^^^^^^^^^^^^^^^^^^^^^^^^^^^\n  File \"C:\\Users\\14bas\\PycharmProjects\\api-test-0\\.venv\\Lib\\site-packages\\_pytest\\fixtures.py\", line 915, in call_fixture_func\n    fixture_result = fixturefunc(**kwargs)\n                     ^^^^^^^^^^^^^^^^^^^^^\n  File \"C:\\Users\\14bas\\PycharmProjects\\api-test-0\\tests\\conftest.py\", line 102, in created_user\n    return user_factory()\n           ^^^^^^^^^^^^^^\n  File \"C:\\Users\\14bas\\PycharmProjects\\api-test-0\\tests\\conftest.py\", line 87, in create\n    user_id, user = users_api.create_user()\n                    ^^^^^^^^^^^^^^^^^^^^^^^\n  File \"C:\\Users\\14bas\\PycharmProjects\\api-test-0\\.venv\\Lib\\site-packages\\allure_commons\\_allure.py\", line 202, in impl\n    return func(*a, **kw)\n           ^^^^^^^^^^^^^^\n  File \"C:\\Users\\14bas\\PycharmProjects\\api-test-0\\services\\users\\api_users.py\", line 69, in create_user\n    assert response.status_code in (200, 201), response_json\n           ^^^^^^^^^^^^^^^^^^^^^^^^^^^^^^^^^^\n"}, "steps": [{"name": "Create user", "status": "failed", "statusDetails": {"message": "AssertionError: {'error': 'SERVER_ERROR'}\n", "trace": "  File \"C:\\Users\\14bas\\PycharmProjects\\api-test-0\\.venv\\Lib\\site-packages\\allure_commons\\_allure.py\", line 202, in impl\n    return func(*a, **kw)\n           ^^^^^^^^^^^^^^\n  File \"C:\\Users\\14bas\\PycharmProjects\\api-test-0\\services\\users\\api_users.py\", line 69, in create_user\n    assert response.status_code in (200, 201), response_json\n           ^^^^^^^^^^^^^^^^^^^^^^^^^^^^^^^^^^\n"}, "steps": [{"name": "POST /user/create (raw)", "status": "passed", "attachments": [{"name": "API Response", "source": "852c9daf-233a-4646-9a91-8229920fe7bb-attachment.json", "type": "application/json"}], "parameters": [{"name": "payload", "value": "None"}], "start": 1769709881263, "stop": 1769709881955}], "start": 1769709881263, "stop": 1769709881955}], "start": 1769709881263, "stop": 1769709881955}], "start": 1769709881263, "stop": 1769709881962}