{"uid":"3fc27a572233494","name":"GET /user/{user_id}/post -> List posts by user contains created posts","fullName":"tests.posts.test_post_crud.TestPostsCRUD#test_list_posts_by_user_contains_created","historyId":"e8aac0e7714558c7a7a737e91df24363","time":{"start":1769709923947,"stop":1769709924936,"duration":989},"status":"broken","statusMessage":"ExceptionGroup: errors while tearing down <Function test_list_posts_by_user_contains_created> (2 sub-exceptions)","statusTrace":"+ Exception Group Traceback (most recent call last):\n  |   File \"C:\\Users\\14bas\\PycharmProjects\\api-test-0\\.venv\\Lib\\site-packages\\_pytest\\runner.py\", line 353, in from_call\n  |     result: TResult | None = func()\n  |                              ^^^^^^\n  |   File \"C:\\Users\\14bas\\PycharmProjects\\api-test-0\\.venv\\Lib\\site-packages\\_pytest\\runner.py\", line 245, in <lambda>\n  |     lambda: runtest_hook(item=item, **kwds),\n  |             ^^^^^^^^^^^^^^^^^^^^^^^^^^^^^^^\n  |   File \"C:\\Users\\14bas\\PycharmProjects\\api-test-0\\.venv\\Lib\\site-packages\\pluggy\\_hooks.py\", line 512, in __call__\n  |     return self._hookexec(self.name, self._hookimpls.copy(), kwargs, firstresult)\n  |            ^^^^^^^^^^^^^^^^^^^^^^^^^^^^^^^^^^^^^^^^^^^^^^^^^^^^^^^^^^^^^^^^^^^^^^\n  |   File \"C:\\Users\\14bas\\PycharmProjects\\api-test-0\\.venv\\Lib\\site-packages\\pluggy\\_manager.py\", line 120, in _hookexec\n  |     return self._inner_hookexec(hook_name, methods, kwargs, firstresult)\n  |            ^^^^^^^^^^^^^^^^^^^^^^^^^^^^^^^^^^^^^^^^^^^^^^^^^^^^^^^^^^^^^\n  |   File \"C:\\Users\\14bas\\PycharmProjects\\api-test-0\\.venv\\Lib\\site-packages\\pluggy\\_callers.py\", line 167, in _multicall\n  |     raise exception\n  |   File \"C:\\Users\\14bas\\PycharmProjects\\api-test-0\\.venv\\Lib\\site-packages\\pluggy\\_callers.py\", line 139, in _multicall\n  |     teardown.throw(exception)\n  |   File \"C:\\Users\\14bas\\PycharmProjects\\api-test-0\\.venv\\Lib\\site-packages\\_pytest\\logging.py\", line 858, in pytest_runtest_teardown\n  |     yield\n  |   File \"C:\\Users\\14bas\\PycharmProjects\\api-test-0\\.venv\\Lib\\site-packages\\pluggy\\_callers.py\", line 139, in _multicall\n  |     teardown.throw(exception)\n  |   File \"C:\\Users\\14bas\\PycharmProjects\\api-test-0\\.venv\\Lib\\site-packages\\pluggy\\_callers.py\", line 53, in run_old_style_hookwrapper\n  |     return result.get_result()\n  |            ^^^^^^^^^^^^^^^^^^^\n  |   File \"C:\\Users\\14bas\\PycharmProjects\\api-test-0\\.venv\\Lib\\site-packages\\pluggy\\_result.py\", line 103, in get_result\n  |     raise exc.with_traceback(tb)\n  |   File \"C:\\Users\\14bas\\PycharmProjects\\api-test-0\\.venv\\Lib\\site-packages\\pluggy\\_callers.py\", line 38, in run_old_style_hookwrapper\n  |     res = yield\n  |           ^^^^^\n  |   File \"C:\\Users\\14bas\\PycharmProjects\\api-test-0\\.venv\\Lib\\site-packages\\pluggy\\_callers.py\", line 139, in _multicall\n  |     teardown.throw(exception)\n  |   File \"C:\\Users\\14bas\\PycharmProjects\\api-test-0\\.venv\\Lib\\site-packages\\_pytest\\capture.py\", line 905, in pytest_runtest_teardown\n  |     return (yield)\n  |             ^^^^^\n  |   File \"C:\\Users\\14bas\\PycharmProjects\\api-test-0\\.venv\\Lib\\site-packages\\pluggy\\_callers.py\", line 121, in _multicall\n  |     res = hook_impl.function(*args)\n  |           ^^^^^^^^^^^^^^^^^^^^^^^^^\n  |   File \"C:\\Users\\14bas\\PycharmProjects\\api-test-0\\.venv\\Lib\\site-packages\\_pytest\\runner.py\", line 194, in pytest_runtest_teardown\n  |     item.session._setupstate.teardown_exact(nextitem)\n  |   File \"C:\\Users\\14bas\\PycharmProjects\\api-test-0\\.venv\\Lib\\site-packages\\_pytest\\runner.py\", line 566, in teardown_exact\n  |     raise exceptions[0]\n  | ExceptionGroup: errors while tearing down <Function test_list_posts_by_user_contains_created> (2 sub-exceptions)\n  +-+---------------- 1 ----------------\n    | Traceback (most recent call last):\n    |   File \"C:\\Users\\14bas\\PycharmProjects\\api-test-0\\.venv\\Lib\\site-packages\\_pytest\\runner.py\", line 555, in teardown_exact\n    |     fin()\n    |   File \"C:\\Users\\14bas\\PycharmProjects\\api-test-0\\.venv\\Lib\\site-packages\\_pytest\\fixtures.py\", line 1053, in finish\n    |     raise exceptions[0]\n    |   File \"C:\\Users\\14bas\\PycharmProjects\\api-test-0\\.venv\\Lib\\site-packages\\_pytest\\fixtures.py\", line 1042, in finish\n    |     fin()\n    |   File \"C:\\Users\\14bas\\PycharmProjects\\api-test-0\\.venv\\Lib\\site-packages\\allure_commons\\_allure.py\", line 231, in __call__\n    |     return self._fixture_function(*args, **kwargs)\n    |            ^^^^^^^^^^^^^^^^^^^^^^^^^^^^^^^^^^^^^^^\n    |   File \"C:\\Users\\14bas\\PycharmProjects\\api-test-0\\.venv\\Lib\\site-packages\\_pytest\\fixtures.py\", line 924, in _teardown_yield_fixture\n    |     next(it)\n    |   File \"C:\\Users\\14bas\\PycharmProjects\\api-test-0\\tests\\conftest.py\", line 96, in user_factory\n    |     users_api.delete_user(user_id, allow_not_found=True)\n    |   File \"C:\\Users\\14bas\\PycharmProjects\\api-test-0\\.venv\\Lib\\site-packages\\allure_commons\\_allure.py\", line 202, in impl\n    |     return func(*a, **kw)\n    |            ^^^^^^^^^^^^^^\n    |   File \"C:\\Users\\14bas\\PycharmProjects\\api-test-0\\services\\users\\api_users.py\", line 105, in delete_user\n    |     assert response.status_code in (200, 204), body\n    |            ^^^^^^^^^^^^^^^^^^^^^^^^^^^^^^^^^^\n    | AssertionError: {'error': 'SERVER_ERROR'}\n    +---------------- 2 ----------------\n    | Traceback (most recent call last):\n    |   File \"C:\\Users\\14bas\\PycharmProjects\\api-test-0\\.venv\\Lib\\site-packages\\_pytest\\runner.py\", line 555, in teardown_exact\n    |     fin()\n    |   File \"C:\\Users\\14bas\\PycharmProjects\\api-test-0\\.venv\\Lib\\site-packages\\_pytest\\fixtures.py\", line 1053, in finish\n    |     raise exceptions[0]\n    |   File \"C:\\Users\\14bas\\PycharmProjects\\api-test-0\\.venv\\Lib\\site-packages\\_pytest\\fixtures.py\", line 1042, in finish\n    |     fin()\n    |   File \"C:\\Users\\14bas\\PycharmProjects\\api-test-0\\.venv\\Lib\\site-packages\\allure_commons\\_allure.py\", line 231, in __call__\n    |     return self._fixture_function(*args, **kwargs)\n    |            ^^^^^^^^^^^^^^^^^^^^^^^^^^^^^^^^^^^^^^^\n    |   File \"C:\\Users\\14bas\\PycharmProjects\\api-test-0\\.venv\\Lib\\site-packages\\_pytest\\fixtures.py\", line 924, in _teardown_yield_fixture\n    |     next(it)\n    |   File \"C:\\Users\\14bas\\PycharmProjects\\api-test-0\\tests\\conftest.py\", line 139, in post_factory\n    |     posts_api.delete_post(post_id, allow_not_found=True)\n    |   File \"C:\\Users\\14bas\\PycharmProjects\\api-test-0\\.venv\\Lib\\site-packages\\allure_commons\\_allure.py\", line 202, in impl\n    |     return func(*a, **kw)\n    |            ^^^^^^^^^^^^^^\n    |   File \"C:\\Users\\14bas\\PycharmProjects\\api-test-0\\services\\posts\\api_posts.py\", line 94, in delete_post\n    |     assert resp.status_code in (200, 204), resp.text\n    |            ^^^^^^^^^^^^^^^^^^^^^^^^^^^^^^\n    | AssertionError: {\"error\":\"SERVER_ERROR\"}\n    +------------------------------------","flaky":false,"newFailed":false,"newBroken":false,"newPassed":false,"retriesCount":0,"retriesStatusChange":false,"beforeStages":[{"name":"base_url","time":{"start":1769709855026,"stop":1769709855026,"duration":0},"status":"passed","steps":[],"attachments":[],"parameters":[],"stepsCount":0,"shouldDisplayMessage":false,"attachmentsCount":0,"attachmentStep":false,"hasContent":false},{"name":"_session_faker","time":{"start":1769709855026,"stop":1769709855026,"duration":0},"status":"passed","steps":[],"attachments":[],"parameters":[],"stepsCount":0,"shouldDisplayMessage":false,"attachmentsCount":0,"attachmentStep":false,"hasContent":false},{"name":"env_check","time":{"start":1769709855026,"stop":1769709855636,"duration":610},"status":"passed","steps":[],"attachments":[],"parameters":[],"stepsCount":0,"shouldDisplayMessage":false,"attachmentsCount":0,"attachmentStep":false,"hasContent":false},{"name":"api_token","time":{"start":1769709855026,"stop":1769709855026,"duration":0},"status":"passed","steps":[],"attachments":[],"parameters":[],"stepsCount":0,"shouldDisplayMessage":false,"attachmentsCount":0,"attachmentStep":false,"hasContent":false},{"name":"http","time":{"start":1769709855026,"stop":1769709855026,"duration":0},"status":"passed","steps":[],"attachments":[],"parameters":[],"stepsCount":0,"shouldDisplayMessage":false,"attachmentsCount":0,"attachmentStep":false,"hasContent":false},{"name":"comments_api","time":{"start":1769709855636,"stop":1769709855636,"duration":0},"status":"passed","steps":[],"attachments":[],"parameters":[],"stepsCount":0,"shouldDisplayMessage":false,"attachmentsCount":0,"attachmentStep":false,"hasContent":false},{"name":"comment_endpoints","time":{"start":1769709855636,"stop":1769709855636,"duration":0},"status":"passed","steps":[],"attachments":[],"parameters":[],"stepsCount":0,"shouldDisplayMessage":false,"attachmentsCount":0,"attachmentStep":false,"hasContent":false},{"name":"post_endpoints","time":{"start":1769709855636,"stop":1769709855636,"duration":0},"status":"passed","steps":[],"attachments":[],"parameters":[],"stepsCount":0,"shouldDisplayMessage":false,"attachmentsCount":0,"attachmentStep":false,"hasContent":false},{"name":"users_api","time":{"start":1769709855636,"stop":1769709855636,"duration":0},"status":"passed","steps":[],"attachments":[],"parameters":[],"stepsCount":0,"shouldDisplayMessage":false,"attachmentsCount":0,"attachmentStep":false,"hasContent":false},{"name":"posts_api","time":{"start":1769709855636,"stop":1769709855636,"duration":0},"status":"passed","steps":[],"attachments":[],"parameters":[],"stepsCount":0,"shouldDisplayMessage":false,"attachmentsCount":0,"attachmentStep":false,"hasContent":false},{"name":"endpoints","time":{"start":1769709855636,"stop":1769709855636,"duration":0},"status":"passed","steps":[],"attachments":[],"parameters":[],"stepsCount":0,"shouldDisplayMessage":false,"attachmentsCount":0,"attachmentStep":false,"hasContent":false},{"name":"_init_clients","time":{"start":1769709922882,"stop":1769709922882,"duration":0},"status":"passed","steps":[],"attachments":[],"parameters":[],"stepsCount":0,"shouldDisplayMessage":false,"attachmentsCount":0,"attachmentStep":false,"hasContent":false},{"name":"user_factory","time":{"start":1769709922882,"stop":1769709922882,"duration":0},"status":"passed","steps":[],"attachments":[],"parameters":[],"stepsCount":0,"shouldDisplayMessage":false,"attachmentsCount":0,"attachmentStep":false,"hasContent":false},{"name":"created_user","time":{"start":1769709922882,"stop":1769709923947,"duration":1065},"status":"passed","steps":[{"name":"Create user","time":{"start":1769709922882,"stop":1769709923947,"duration":1065},"status":"passed","steps":[{"name":"POST /user/create (raw)","time":{"start":1769709922882,"stop":1769709923947,"duration":1065},"status":"passed","steps":[],"attachments":[{"uid":"74133c4eb30b9dcc","name":"API Response","source":"74133c4eb30b9dcc.json","type":"application/json","size":333}],"parameters":[{"name":"payload","value":"None"}],"stepsCount":0,"shouldDisplayMessage":false,"attachmentsCount":1,"attachmentStep":false,"hasContent":true}],"attachments":[],"parameters":[],"stepsCount":1,"shouldDisplayMessage":false,"attachmentsCount":1,"attachmentStep":false,"hasContent":true}],"attachments":[],"parameters":[],"stepsCount":2,"shouldDisplayMessage":false,"attachmentsCount":1,"attachmentStep":false,"hasContent":true},{"name":"post_factory","time":{"start":1769709923947,"stop":1769709923947,"duration":0},"status":"passed","steps":[],"attachments":[],"parameters":[],"stepsCount":0,"shouldDisplayMessage":false,"attachmentsCount":0,"attachmentStep":false,"hasContent":false}],"testStage":{"status":"broken","statusMessage":"ExceptionGroup: errors while tearing down <Function test_list_posts_by_user_contains_created> (2 sub-exceptions)","statusTrace":"+ Exception Group Traceback (most recent call last):\n  |   File \"C:\\Users\\14bas\\PycharmProjects\\api-test-0\\.venv\\Lib\\site-packages\\_pytest\\runner.py\", line 353, in from_call\n  |     result: TResult | None = func()\n  |                              ^^^^^^\n  |   File \"C:\\Users\\14bas\\PycharmProjects\\api-test-0\\.venv\\Lib\\site-packages\\_pytest\\runner.py\", line 245, in <lambda>\n  |     lambda: runtest_hook(item=item, **kwds),\n  |             ^^^^^^^^^^^^^^^^^^^^^^^^^^^^^^^\n  |   File \"C:\\Users\\14bas\\PycharmProjects\\api-test-0\\.venv\\Lib\\site-packages\\pluggy\\_hooks.py\", line 512, in __call__\n  |     return self._hookexec(self.name, self._hookimpls.copy(), kwargs, firstresult)\n  |            ^^^^^^^^^^^^^^^^^^^^^^^^^^^^^^^^^^^^^^^^^^^^^^^^^^^^^^^^^^^^^^^^^^^^^^\n  |   File \"C:\\Users\\14bas\\PycharmProjects\\api-test-0\\.venv\\Lib\\site-packages\\pluggy\\_manager.py\", line 120, in _hookexec\n  |     return self._inner_hookexec(hook_name, methods, kwargs, firstresult)\n  |            ^^^^^^^^^^^^^^^^^^^^^^^^^^^^^^^^^^^^^^^^^^^^^^^^^^^^^^^^^^^^^\n  |   File \"C:\\Users\\14bas\\PycharmProjects\\api-test-0\\.venv\\Lib\\site-packages\\pluggy\\_callers.py\", line 167, in _multicall\n  |     raise exception\n  |   File \"C:\\Users\\14bas\\PycharmProjects\\api-test-0\\.venv\\Lib\\site-packages\\pluggy\\_callers.py\", line 139, in _multicall\n  |     teardown.throw(exception)\n  |   File \"C:\\Users\\14bas\\PycharmProjects\\api-test-0\\.venv\\Lib\\site-packages\\_pytest\\logging.py\", line 858, in pytest_runtest_teardown\n  |     yield\n  |   File \"C:\\Users\\14bas\\PycharmProjects\\api-test-0\\.venv\\Lib\\site-packages\\pluggy\\_callers.py\", line 139, in _multicall\n  |     teardown.throw(exception)\n  |   File \"C:\\Users\\14bas\\PycharmProjects\\api-test-0\\.venv\\Lib\\site-packages\\pluggy\\_callers.py\", line 53, in run_old_style_hookwrapper\n  |     return result.get_result()\n  |            ^^^^^^^^^^^^^^^^^^^\n  |   File \"C:\\Users\\14bas\\PycharmProjects\\api-test-0\\.venv\\Lib\\site-packages\\pluggy\\_result.py\", line 103, in get_result\n  |     raise exc.with_traceback(tb)\n  |   File \"C:\\Users\\14bas\\PycharmProjects\\api-test-0\\.venv\\Lib\\site-packages\\pluggy\\_callers.py\", line 38, in run_old_style_hookwrapper\n  |     res = yield\n  |           ^^^^^\n  |   File \"C:\\Users\\14bas\\PycharmProjects\\api-test-0\\.venv\\Lib\\site-packages\\pluggy\\_callers.py\", line 139, in _multicall\n  |     teardown.throw(exception)\n  |   File \"C:\\Users\\14bas\\PycharmProjects\\api-test-0\\.venv\\Lib\\site-packages\\_pytest\\capture.py\", line 905, in pytest_runtest_teardown\n  |     return (yield)\n  |             ^^^^^\n  |   File \"C:\\Users\\14bas\\PycharmProjects\\api-test-0\\.venv\\Lib\\site-packages\\pluggy\\_callers.py\", line 121, in _multicall\n  |     res = hook_impl.function(*args)\n  |           ^^^^^^^^^^^^^^^^^^^^^^^^^\n  |   File \"C:\\Users\\14bas\\PycharmProjects\\api-test-0\\.venv\\Lib\\site-packages\\_pytest\\runner.py\", line 194, in pytest_runtest_teardown\n  |     item.session._setupstate.teardown_exact(nextitem)\n  |   File \"C:\\Users\\14bas\\PycharmProjects\\api-test-0\\.venv\\Lib\\site-packages\\_pytest\\runner.py\", line 566, in teardown_exact\n  |     raise exceptions[0]\n  | ExceptionGroup: errors while tearing down <Function test_list_posts_by_user_contains_created> (2 sub-exceptions)\n  +-+---------------- 1 ----------------\n    | Traceback (most recent call last):\n    |   File \"C:\\Users\\14bas\\PycharmProjects\\api-test-0\\.venv\\Lib\\site-packages\\_pytest\\runner.py\", line 555, in teardown_exact\n    |     fin()\n    |   File \"C:\\Users\\14bas\\PycharmProjects\\api-test-0\\.venv\\Lib\\site-packages\\_pytest\\fixtures.py\", line 1053, in finish\n    |     raise exceptions[0]\n    |   File \"C:\\Users\\14bas\\PycharmProjects\\api-test-0\\.venv\\Lib\\site-packages\\_pytest\\fixtures.py\", line 1042, in finish\n    |     fin()\n    |   File \"C:\\Users\\14bas\\PycharmProjects\\api-test-0\\.venv\\Lib\\site-packages\\allure_commons\\_allure.py\", line 231, in __call__\n    |     return self._fixture_function(*args, **kwargs)\n    |            ^^^^^^^^^^^^^^^^^^^^^^^^^^^^^^^^^^^^^^^\n    |   File \"C:\\Users\\14bas\\PycharmProjects\\api-test-0\\.venv\\Lib\\site-packages\\_pytest\\fixtures.py\", line 924, in _teardown_yield_fixture\n    |     next(it)\n    |   File \"C:\\Users\\14bas\\PycharmProjects\\api-test-0\\tests\\conftest.py\", line 96, in user_factory\n    |     users_api.delete_user(user_id, allow_not_found=True)\n    |   File \"C:\\Users\\14bas\\PycharmProjects\\api-test-0\\.venv\\Lib\\site-packages\\allure_commons\\_allure.py\", line 202, in impl\n    |     return func(*a, **kw)\n    |            ^^^^^^^^^^^^^^\n    |   File \"C:\\Users\\14bas\\PycharmProjects\\api-test-0\\services\\users\\api_users.py\", line 105, in delete_user\n    |     assert response.status_code in (200, 204), body\n    |            ^^^^^^^^^^^^^^^^^^^^^^^^^^^^^^^^^^\n    | AssertionError: {'error': 'SERVER_ERROR'}\n    +---------------- 2 ----------------\n    | Traceback (most recent call last):\n    |   File \"C:\\Users\\14bas\\PycharmProjects\\api-test-0\\.venv\\Lib\\site-packages\\_pytest\\runner.py\", line 555, in teardown_exact\n    |     fin()\n    |   File \"C:\\Users\\14bas\\PycharmProjects\\api-test-0\\.venv\\Lib\\site-packages\\_pytest\\fixtures.py\", line 1053, in finish\n    |     raise exceptions[0]\n    |   File \"C:\\Users\\14bas\\PycharmProjects\\api-test-0\\.venv\\Lib\\site-packages\\_pytest\\fixtures.py\", line 1042, in finish\n    |     fin()\n    |   File \"C:\\Users\\14bas\\PycharmProjects\\api-test-0\\.venv\\Lib\\site-packages\\allure_commons\\_allure.py\", line 231, in __call__\n    |     return self._fixture_function(*args, **kwargs)\n    |            ^^^^^^^^^^^^^^^^^^^^^^^^^^^^^^^^^^^^^^^\n    |   File \"C:\\Users\\14bas\\PycharmProjects\\api-test-0\\.venv\\Lib\\site-packages\\_pytest\\fixtures.py\", line 924, in _teardown_yield_fixture\n    |     next(it)\n    |   File \"C:\\Users\\14bas\\PycharmProjects\\api-test-0\\tests\\conftest.py\", line 139, in post_factory\n    |     posts_api.delete_post(post_id, allow_not_found=True)\n    |   File \"C:\\Users\\14bas\\PycharmProjects\\api-test-0\\.venv\\Lib\\site-packages\\allure_commons\\_allure.py\", line 202, in impl\n    |     return func(*a, **kw)\n    |            ^^^^^^^^^^^^^^\n    |   File \"C:\\Users\\14bas\\PycharmProjects\\api-test-0\\services\\posts\\api_posts.py\", line 94, in delete_post\n    |     assert resp.status_code in (200, 204), resp.text\n    |            ^^^^^^^^^^^^^^^^^^^^^^^^^^^^^^\n    | AssertionError: {\"error\":\"SERVER_ERROR\"}\n    +------------------------------------","steps":[{"name":"Create post (owner='697ba1497cd86836f997ca38')","time":{"start":1769709923947,"stop":1769709924307,"duration":360},"status":"passed","steps":[{"name":"POST /post/create (raw)","time":{"start":1769709923947,"stop":1769709924307,"duration":360},"status":"passed","steps":[],"attachments":[{"uid":"84308c4baa1d8435","name":"API Response","source":"84308c4baa1d8435.json","type":"application/json","size":448}],"parameters":[{"name":"payload","value":"{'text': 'Auto post 61bb6d12', 'image': 'https://images.unsplash.com/photo-1542291026-7eec264c27ff', 'likes': 0, 'tags': ['qa', 'pytest'], 'owner': '697ba1497cd86836f997ca38'}"}],"stepsCount":0,"shouldDisplayMessage":false,"attachmentsCount":1,"attachmentStep":false,"hasContent":true}],"attachments":[],"parameters":[{"name":"owner_id","value":"'697ba1497cd86836f997ca38'"},{"name":"payload","value":"None"}],"stepsCount":1,"shouldDisplayMessage":false,"attachmentsCount":1,"attachmentStep":false,"hasContent":true},{"name":"Create post (owner='697ba1497cd86836f997ca38')","time":{"start":1769709924307,"stop":1769709924542,"duration":235},"status":"passed","steps":[{"name":"POST /post/create (raw)","time":{"start":1769709924307,"stop":1769709924542,"duration":235},"status":"passed","steps":[],"attachments":[{"uid":"96debbf72b08b288","name":"API Response","source":"96debbf72b08b288.json","type":"application/json","size":448}],"parameters":[{"name":"payload","value":"{'text': 'Auto post 71d98483', 'image': 'https://images.unsplash.com/photo-1542291026-7eec264c27ff', 'likes': 0, 'tags': ['qa', 'pytest'], 'owner': '697ba1497cd86836f997ca38'}"}],"stepsCount":0,"shouldDisplayMessage":false,"attachmentsCount":1,"attachmentStep":false,"hasContent":true}],"attachments":[],"parameters":[{"name":"owner_id","value":"'697ba1497cd86836f997ca38'"},{"name":"payload","value":"None"}],"stepsCount":1,"shouldDisplayMessage":false,"attachmentsCount":1,"attachmentStep":false,"hasContent":true},{"name":"List posts by user: '697ba1497cd86836f997ca38'","time":{"start":1769709924542,"stop":1769709924936,"duration":394},"status":"passed","steps":[{"name":"GET /user/'697ba1497cd86836f997ca38'/post (raw)","time":{"start":1769709924542,"stop":1769709924936,"duration":394},"status":"passed","steps":[],"attachments":[{"uid":"8c42cbeb7d6c45e0","name":"API Response","source":"8c42cbeb7d6c45e0.json","type":"application/json","size":1210}],"parameters":[{"name":"user_id","value":"'697ba1497cd86836f997ca38'"},{"name":"limit","value":"50"},{"name":"page","value":"0"}],"stepsCount":0,"shouldDisplayMessage":false,"attachmentsCount":1,"attachmentStep":false,"hasContent":true}],"attachments":[],"parameters":[{"name":"user_id","value":"'697ba1497cd86836f997ca38'"},{"name":"limit","value":"50"},{"name":"page","value":"0"}],"stepsCount":1,"shouldDisplayMessage":false,"attachmentsCount":1,"attachmentStep":false,"hasContent":true}],"attachments":[],"parameters":[],"stepsCount":6,"shouldDisplayMessage":true,"attachmentsCount":3,"attachmentStep":false,"hasContent":true},"afterStages":[{"name":"post_factory::0","time":{"start":1769709924936,"stop":1769709929578,"duration":4642},"status":"failed","statusMessage":"AssertionError: {\"error\":\"SERVER_ERROR\"}\n","statusTrace":"  File \"C:\\Users\\14bas\\PycharmProjects\\api-test-0\\.venv\\Lib\\site-packages\\allure_commons\\_allure.py\", line 231, in __call__\n    return self._fixture_function(*args, **kwargs)\n           ^^^^^^^^^^^^^^^^^^^^^^^^^^^^^^^^^^^^^^^\n  File \"C:\\Users\\14bas\\PycharmProjects\\api-test-0\\.venv\\Lib\\site-packages\\_pytest\\fixtures.py\", line 924, in _teardown_yield_fixture\n    next(it)\n  File \"C:\\Users\\14bas\\PycharmProjects\\api-test-0\\tests\\conftest.py\", line 139, in post_factory\n    posts_api.delete_post(post_id, allow_not_found=True)\n  File \"C:\\Users\\14bas\\PycharmProjects\\api-test-0\\.venv\\Lib\\site-packages\\allure_commons\\_allure.py\", line 202, in impl\n    return func(*a, **kw)\n           ^^^^^^^^^^^^^^\n  File \"C:\\Users\\14bas\\PycharmProjects\\api-test-0\\services\\posts\\api_posts.py\", line 94, in delete_post\n    assert resp.status_code in (200, 204), resp.text\n           ^^^^^^^^^^^^^^^^^^^^^^^^^^^^^^\n","steps":[{"name":"Delete post by id: '697ba149a998d713164c0ef8'","time":{"start":1769709924936,"stop":1769709925154,"duration":218},"status":"passed","steps":[{"name":"DELETE /post/'697ba149a998d713164c0ef8' (raw)","time":{"start":1769709924936,"stop":1769709925154,"duration":218},"status":"passed","steps":[],"attachments":[{"uid":"3e3c0e47d83ea895","name":"API Response","source":"3e3c0e47d83ea895.json","type":"application/json","size":40}],"parameters":[{"name":"post_id","value":"'697ba149a998d713164c0ef8'"}],"stepsCount":0,"shouldDisplayMessage":false,"attachmentsCount":1,"attachmentStep":false,"hasContent":true}],"attachments":[],"parameters":[{"name":"post_id","value":"'697ba149a998d713164c0ef8'"},{"name":"allow_not_found","value":"True"}],"stepsCount":1,"shouldDisplayMessage":false,"attachmentsCount":1,"attachmentStep":false,"hasContent":true},{"name":"Delete post by id: '697ba1492f69c1ee8cf9b6f6'","time":{"start":1769709925154,"stop":1769709929578,"duration":4424},"status":"failed","statusMessage":"AssertionError: {\"error\":\"SERVER_ERROR\"}\n","statusTrace":"  File \"C:\\Users\\14bas\\PycharmProjects\\api-test-0\\.venv\\Lib\\site-packages\\allure_commons\\_allure.py\", line 202, in impl\n    return func(*a, **kw)\n           ^^^^^^^^^^^^^^\n  File \"C:\\Users\\14bas\\PycharmProjects\\api-test-0\\services\\posts\\api_posts.py\", line 94, in delete_post\n    assert resp.status_code in (200, 204), resp.text\n           ^^^^^^^^^^^^^^^^^^^^^^^^^^^^^^\n","steps":[{"name":"DELETE /post/'697ba1492f69c1ee8cf9b6f6' (raw)","time":{"start":1769709925154,"stop":1769709929578,"duration":4424},"status":"passed","steps":[],"attachments":[{"uid":"fca9d8e56621b218","name":"API Response","source":"fca9d8e56621b218.json","type":"application/json","size":31}],"parameters":[{"name":"post_id","value":"'697ba1492f69c1ee8cf9b6f6'"}],"stepsCount":0,"shouldDisplayMessage":false,"attachmentsCount":1,"attachmentStep":false,"hasContent":true}],"attachments":[],"parameters":[{"name":"post_id","value":"'697ba1492f69c1ee8cf9b6f6'"},{"name":"allow_not_found","value":"True"}],"stepsCount":1,"shouldDisplayMessage":true,"attachmentsCount":1,"attachmentStep":false,"hasContent":true}],"attachments":[],"parameters":[],"stepsCount":4,"shouldDisplayMessage":false,"attachmentsCount":2,"attachmentStep":false,"hasContent":true},{"name":"user_factory::0","time":{"start":1769709929578,"stop":1769709929962,"duration":384},"status":"failed","statusMessage":"AssertionError: {'error': 'SERVER_ERROR'}\n","statusTrace":"  File \"C:\\Users\\14bas\\PycharmProjects\\api-test-0\\.venv\\Lib\\site-packages\\allure_commons\\_allure.py\", line 231, in __call__\n    return self._fixture_function(*args, **kwargs)\n           ^^^^^^^^^^^^^^^^^^^^^^^^^^^^^^^^^^^^^^^\n  File \"C:\\Users\\14bas\\PycharmProjects\\api-test-0\\.venv\\Lib\\site-packages\\_pytest\\fixtures.py\", line 924, in _teardown_yield_fixture\n    next(it)\n  File \"C:\\Users\\14bas\\PycharmProjects\\api-test-0\\tests\\conftest.py\", line 96, in user_factory\n    users_api.delete_user(user_id, allow_not_found=True)\n  File \"C:\\Users\\14bas\\PycharmProjects\\api-test-0\\.venv\\Lib\\site-packages\\allure_commons\\_allure.py\", line 202, in impl\n    return func(*a, **kw)\n           ^^^^^^^^^^^^^^\n  File \"C:\\Users\\14bas\\PycharmProjects\\api-test-0\\services\\users\\api_users.py\", line 105, in delete_user\n    assert response.status_code in (200, 204), body\n           ^^^^^^^^^^^^^^^^^^^^^^^^^^^^^^^^^^\n","steps":[{"name":"Delete user by id: '697ba1497cd86836f997ca38'","time":{"start":1769709929578,"stop":1769709929946,"duration":368},"status":"failed","statusMessage":"AssertionError: {'error': 'SERVER_ERROR'}\n","statusTrace":"  File \"C:\\Users\\14bas\\PycharmProjects\\api-test-0\\.venv\\Lib\\site-packages\\allure_commons\\_allure.py\", line 202, in impl\n    return func(*a, **kw)\n           ^^^^^^^^^^^^^^\n  File \"C:\\Users\\14bas\\PycharmProjects\\api-test-0\\services\\users\\api_users.py\", line 105, in delete_user\n    assert response.status_code in (200, 204), body\n           ^^^^^^^^^^^^^^^^^^^^^^^^^^^^^^^^^^\n","steps":[{"name":"DELETE /user/'697ba1497cd86836f997ca38' (raw)","time":{"start":1769709929578,"stop":1769709929946,"duration":368},"status":"passed","steps":[],"attachments":[{"uid":"85f485c9f56f6175","name":"API Response","source":"85f485c9f56f6175.json","type":"application/json","size":31}],"parameters":[{"name":"user_id","value":"'697ba1497cd86836f997ca38'"}],"stepsCount":0,"shouldDisplayMessage":false,"attachmentsCount":1,"attachmentStep":false,"hasContent":true}],"attachments":[],"parameters":[{"name":"user_id","value":"'697ba1497cd86836f997ca38'"},{"name":"allow_not_found","value":"True"}],"stepsCount":1,"shouldDisplayMessage":true,"attachmentsCount":1,"attachmentStep":false,"hasContent":true}],"attachments":[],"parameters":[],"stepsCount":2,"shouldDisplayMessage":false,"attachmentsCount":1,"attachmentStep":false,"hasContent":true},{"name":"http::0","time":{"start":1769709962933,"stop":1769709962933,"duration":0},"status":"passed","steps":[],"attachments":[],"parameters":[],"stepsCount":0,"shouldDisplayMessage":false,"attachmentsCount":0,"attachmentStep":false,"hasContent":false}],"labels":[{"name":"feature","value":"Posts"},{"name":"epic","value":"Administration"},{"name":"tag","value":"smoke"},{"name":"parentSuite","value":"tests.posts"},{"name":"suite","value":"test_post_crud"},{"name":"subSuite","value":"TestPostsCRUD"},{"name":"host","value":"keni"},{"name":"thread","value":"18868-MainThread"},{"name":"framework","value":"pytest"},{"name":"language","value":"cpython3"},{"name":"package","value":"tests.posts.test_post_crud"},{"name":"resultFormat","value":"allure2"}],"parameters":[],"links":[],"hidden":true,"retry":true,"extra":{"categories":[],"tags":["smoke"]},"source":"3fc27a572233494.json","parameterValues":[]}